acl
adduser
apt
apt-utils
aptitude
aptitude-common
base-files
base-passwd
bash
bsdmainutils
bsdutils
coreutils
cpio
cron
dash
debconf
debconf-i18n
debian-archive-keyring
debianutils
diffutils
dmidecode
dmsetup
dpkg
e2fslibs:amd64
e2fsprogs
findutils
gcc-4.8-base:amd64
gcc-4.9-base:amd64
gnupg
gpgv
grep
groff-base
gzip
hostname
ifupdown
init
init-system-helpers
initscripts
insserv
iproute2
iptables
iputils-ping
isc-dhcp-client
isc-dhcp-common
kmod
less
libacl1:amd64
libapt-inst1.5:amd64
libapt-pkg4.12:amd64
libattr1:amd64
libaudit-common
libaudit1:amd64
libblkid1:amd64
libboost-iostreams1.55.0:amd64
libbz2-1.0:amd64
libc-bin
libc6:amd64
libcap2:amd64
libcap2-bin
libcomerr2:amd64
libcryptsetup4:amd64
libcwidget3:amd64
libdb5.3:amd64
libdebconfclient0:amd64
libdevmapper1.02.1:amd64
libdns-export100
libestr0
libffi6:amd64
libgcc1:amd64
libgcrypt20:amd64
libgdbm3:amd64
libgmp10:amd64
libgnutls-deb0-28:amd64
libgnutls-openssl27:amd64
libgpg-error0:amd64
libhogweed2:amd64
libirs-export91
libisc-export95
libisccfg-export90
libjson-c2:amd64
libkmod2:amd64
liblocale-gettext-perl
liblogging-stdlog0:amd64
liblognorm1:amd64
liblzma5:amd64
libmnl0:amd64
libmount1:amd64
libncurses5:amd64
libncursesw5:amd64
libnetfilter-acct1:amd64
libnettle4:amd64
libnewt0.52:amd64
libnfnetlink0:amd64
libp11-kit0:amd64
libpam-modules:amd64
libpam-modules-bin
libpam-runtime
libpam0g:amd64
libpcre3:amd64
libpipeline1:amd64
libpopt0:amd64
libprocps3:amd64
libreadline6:amd64
libselinux1:amd64
libsemanage-common
libsemanage1:amd64
libsepol1:amd64
libsigc++-2.0-0c2a:amd64
libslang2:amd64
libsmartcols1:amd64
libsqlite3-0:amd64
libss2:amd64
libssl1.0.0:amd64
libstdc++6:amd64
libsystemd0:amd64
libtasn1-6:amd64
libtext-charwidth-perl
libtext-iconv-perl
libtext-wrapi18n-perl
libtinfo5:amd64
libudev1:amd64
libusb-0.1-4:amd64
libustr-1.0-1:amd64
libuuid1:amd64
libxapian22
libxtables10
login
logrotate
lsb-base
man-db
manpages
mawk
mount
multiarch-support
nano
ncurses-base
ncurses-bin
net-tools
netbase
netcat-traditional
nfacct
passwd
perl-base
procps
readline-common
rsyslog
sed
sensible-utils
startpar
systemd
systemd-sysv
sysv-rc
sysvinit-utils
tar
tasksel
tasksel-data
traceroute
tzdata
udev
util-linux
vim-common
vim-tiny
whiptail
zlib1g:amd64
